{"/Users/pw/Projects/irlhtml/util/getPageTitleFromSource.js": {"path":"/Users/pw/Projects/irlhtml/util/getPageTitleFromSource.js","all":false,"statementMap":{"0":{"start":{"line":1,"column":0},"end":{"line":1,"column":41}},"1":{"start":{"line":2,"column":0},"end":{"line":2,"column":27}},"2":{"start":{"line":3,"column":0},"end":{"line":3,"column":29}},"3":{"start":{"line":4,"column":0},"end":{"line":4,"column":21}},"4":{"start":{"line":5,"column":0},"end":{"line":5,"column":46}},"5":{"start":{"line":6,"column":0},"end":{"line":6,"column":57}},"6":{"start":{"line":7,"column":0},"end":{"line":7,"column":35}},"7":{"start":{"line":8,"column":0},"end":{"line":8,"column":59}},"8":{"start":{"line":9,"column":0},"end":{"line":9,"column":36}},"9":{"start":{"line":10,"column":0},"end":{"line":10,"column":78}},"10":{"start":{"line":11,"column":0},"end":{"line":11,"column":58}},"11":{"start":{"line":12,"column":0},"end":{"line":12,"column":1}},"12":{"start":{"line":13,"column":0},"end":{"line":13,"column":0}},"13":{"start":{"line":14,"column":0},"end":{"line":14,"column":40}}},"s":{"0":8,"1":8,"2":8,"3":8,"4":6,"5":6,"6":8,"7":5,"8":8,"9":4,"10":4,"11":4,"12":1,"13":1},"branchMap":{"0":{"type":"branch","line":1,"loc":{"start":{"line":1,"column":0},"end":{"line":12,"column":1}},"locations":[{"start":{"line":1,"column":0},"end":{"line":12,"column":1}}]},"1":{"type":"branch","line":4,"loc":{"start":{"line":4,"column":14},"end":{"line":4,"column":21}},"locations":[{"start":{"line":4,"column":14},"end":{"line":4,"column":21}}]},"2":{"type":"branch","line":4,"loc":{"start":{"line":4,"column":14},"end":{"line":7,"column":28}},"locations":[{"start":{"line":4,"column":14},"end":{"line":7,"column":28}}]},"3":{"type":"branch","line":7,"loc":{"start":{"line":7,"column":28},"end":{"line":7,"column":35}},"locations":[{"start":{"line":7,"column":28},"end":{"line":7,"column":35}}]},"4":{"type":"branch","line":7,"loc":{"start":{"line":7,"column":28},"end":{"line":9,"column":29}},"locations":[{"start":{"line":7,"column":28},"end":{"line":9,"column":29}}]},"5":{"type":"branch","line":9,"loc":{"start":{"line":9,"column":29},"end":{"line":9,"column":36}},"locations":[{"start":{"line":9,"column":29},"end":{"line":9,"column":36}}]},"6":{"type":"branch","line":9,"loc":{"start":{"line":9,"column":29},"end":{"line":12,"column":1}},"locations":[{"start":{"line":9,"column":29},"end":{"line":12,"column":1}}]}},"b":{"0":[8],"1":[2],"2":[6],"3":[1],"4":[5],"5":[1],"6":[4]},"fnMap":{"0":{"name":"getPageTitleFromSource","decl":{"start":{"line":1,"column":0},"end":{"line":12,"column":1}},"loc":{"start":{"line":1,"column":0},"end":{"line":12,"column":1}},"line":1}},"f":{"0":8}}
}
